  cameraMotion.cpp
  game.cpp
  IntersectTracker.cpp
  levelTheme.cpp
  main.cpp
  levelParser.cpp
  Menu.cpp
  snakeMoveTracker.cpp
  Generating Code...
LINK : warning LNK4098: defaultlib 'MSVCRT' conflicts with use of other libs; use /NODEFAULTLIB:library
MSVCRTD.lib(initializers.obj) : warning LNK4098: defaultlib 'libcmt.lib' conflicts with use of other libs; use /NODEFAULTLIB:library
imgui_impl_glfw_gl3.obj : warning LNK4049: locally defined symbol ___glewActiveTexture imported
imgui_impl_glfw_gl3.obj : warning LNK4049: locally defined symbol ___glewBlendEquation imported
imgui_impl_glfw_gl3.obj : warning LNK4049: locally defined symbol ___glewBlendFuncSeparate imported
imgui_impl_glfw_gl3.obj : warning LNK4049: locally defined symbol ___glewBindBuffer imported
imgui_impl_glfw_gl3.obj : warning LNK4049: locally defined symbol ___glewBufferData imported
imgui_impl_glfw_gl3.obj : warning LNK4049: locally defined symbol ___glewDeleteBuffers imported
imgui_impl_glfw_gl3.obj : warning LNK4049: locally defined symbol ___glewGenBuffers imported
imgui_impl_glfw_gl3.obj : warning LNK4049: locally defined symbol ___glewAttachShader imported
imgui_impl_glfw_gl3.obj : warning LNK4049: locally defined symbol ___glewBlendEquationSeparate imported
imgui_impl_glfw_gl3.obj : warning LNK4049: locally defined symbol ___glewCompileShader imported
imgui_impl_glfw_gl3.obj : warning LNK4049: locally defined symbol ___glewCreateProgram imported
imgui_impl_glfw_gl3.obj : warning LNK4049: locally defined symbol ___glewCreateShader imported
imgui_impl_glfw_gl3.obj : warning LNK4049: locally defined symbol ___glewDeleteProgram imported
imgui_impl_glfw_gl3.obj : warning LNK4049: locally defined symbol ___glewDeleteShader imported
imgui_impl_glfw_gl3.obj : warning LNK4049: locally defined symbol ___glewDetachShader imported
imgui_impl_glfw_gl3.obj : warning LNK4049: locally defined symbol ___glewEnableVertexAttribArray imported
imgui_impl_glfw_gl3.obj : warning LNK4049: locally defined symbol ___glewGetAttribLocation imported
imgui_impl_glfw_gl3.obj : warning LNK4049: locally defined symbol ___glewGetUniformLocation imported
imgui_impl_glfw_gl3.obj : warning LNK4049: locally defined symbol ___glewLinkProgram imported
imgui_impl_glfw_gl3.obj : warning LNK4049: locally defined symbol ___glewShaderSource imported
imgui_impl_glfw_gl3.obj : warning LNK4049: locally defined symbol ___glewUniform1i imported
imgui_impl_glfw_gl3.obj : warning LNK4049: locally defined symbol ___glewUniformMatrix4fv imported
imgui_impl_glfw_gl3.obj : warning LNK4049: locally defined symbol ___glewUseProgram imported
imgui_impl_glfw_gl3.obj : warning LNK4049: locally defined symbol ___glewVertexAttribPointer imported
imgui_impl_glfw_gl3.obj : warning LNK4049: locally defined symbol ___glewBindSampler imported
imgui_impl_glfw_gl3.obj : warning LNK4049: locally defined symbol ___glewBindVertexArray imported
imgui_impl_glfw_gl3.obj : warning LNK4049: locally defined symbol ___glewDeleteVertexArrays imported
imgui_impl_glfw_gl3.obj : warning LNK4049: locally defined symbol ___glewGenVertexArrays imported
glew32s.lib(glew.obj) : warning LNK4099: PDB 'vc100.pdb' was not found with 'glew32s.lib(glew.obj)' or at 'F:\documents\Visual Studio 2017\Projects\EngineVideoGames\Debug\vc100.pdb'; linking object as if no debug info
  Game.vcxproj -> F:\documents\Visual Studio 2017\Projects\EngineVideoGames\Debug\Game.exe
